#-----------------------------------------------------------
# Vivado v2024.2 (64-bit)
# SW Build 5239630 on Fri Nov 08 22:35:27 MST 2024
# IP Build 5239520 on Sun Nov 10 16:12:51 MST 2024
# SharedData Build 5239561 on Fri Nov 08 14:39:27 MST 2024
# Start of session at: Tue May 20 10:41:29 2025
# Process ID         : 28704
# Current directory  : C:/Users/Thomas/Desktop/yadp
# Command line       : vivado.exe
# Log file           : C:/Users/Thomas/Desktop/yadp/vivado.log
# Journal file       : C:/Users/Thomas/Desktop/yadp\vivado.jou
# Running On         : DESKTOP-5PFD2IV
# Platform           : Windows Server 2016 or Windows 10
# Operating System   : 26100
# Processor Detail   : Intel(R) Core(TM) i5-14600KF
# CPU Frequency      : 3494 MHz
# CPU Physical cores : 14
# CPU Logical cores  : 20
# Host memory        : 34055 MB
# Swap memory        : 6174 MB
# Total Virtual      : 40229 MB
# Available Virtual  : 23222 MB
#-----------------------------------------------------------
start_gui
open_project C:/Users/Thomas/Desktop/yadp/PROJET_INFO.xpr
INFO: [filemgmt 56-3] Default IP Output Path : Could not find the directory 'C:/Users/Thomas/Desktop/yadp/PROJET_INFO.gen/sources_1'.
Scanning sources...
Finished scanning sources
INFO: [IP_Flow 19-234] Refreshing IP repositories
INFO: [IP_Flow 19-1704] No user IP repositories specified
INFO: [IP_Flow 19-2313] Loaded Vivado IP repository 'C:/Xilinx/Vivado/2024.2/data/ip'.
update_compile_order -fileset sources_1
reset_run synth_1
INFO: [Project 1-1161] Replacing file C:/Users/Thomas/Desktop/yadp/PROJET_INFO.srcs/utils_1/imports/synth_1/not_gate.dcp with file C:/Users/Thomas/Desktop/yadp/PROJET_INFO.runs/synth_1/micro.dcp
launch_runs impl_1 -to_step write_bitstream -jobs 14
[Tue May 20 10:42:02 2025] Launched synth_1...
Run output will be captured here: C:/Users/Thomas/Desktop/yadp/PROJET_INFO.runs/synth_1/runme.log
[Tue May 20 10:42:02 2025] Launched impl_1...
Run output will be captured here: C:/Users/Thomas/Desktop/yadp/PROJET_INFO.runs/impl_1/runme.log
