#-----------------------------------------------------------
# Vivado v2024.2 (64-bit)
# SW Build 5239630 on Fri Nov 08 22:35:27 MST 2024
# IP Build 5239520 on Sun Nov 10 16:12:51 MST 2024
# SharedData Build 5239561 on Fri Nov 08 14:39:27 MST 2024
# Start of session at: Tue May 20 10:39:57 2025
# Process ID         : 8156
# Current directory  : C:/Users/Thomas/Desktop/yadp
# Command line       : vivado.exe -mode batch -source .\progam_fpga.tcl
# Log file           : C:/Users/Thomas/Desktop/yadp/vivado.log
# Journal file       : C:/Users/Thomas/Desktop/yadp\vivado.jou
# Running On         : DESKTOP-5PFD2IV
# Platform           : Windows Server 2016 or Windows 10
# Operating System   : 26100
# Processor Detail   : Intel(R) Core(TM) i5-14600KF
# CPU Frequency      : 3494 MHz
# CPU Physical cores : 14
# CPU Logical cores  : 20
# Host memory        : 34055 MB
# Swap memory        : 6174 MB
# Total Virtual      : 40229 MB
# Available Virtual  : 23209 MB
#-----------------------------------------------------------
source {.\progam_fpga.tcl}
# open_hw
WARNING: 'open_hw' is deprecated, please use 'open_hw_manager' instead.
# connect_hw_server
INFO: [Labtools 27-2285] Connecting to hw_server url TCP:localhost:3121
INFO: [Labtools 27-2222] Launching hw_server...
INFO: [Labtools 27-2221] Launch Output:

****** Xilinx hw_server v2024.2
  **** Build date : Oct 29 2024 at 10:25:41
    ** Copyright 1986-2022 Xilinx, Inc. All Rights Reserved.


INFO: [Labtools 27-3415] Connecting to cs_server url TCP:localhost:0
INFO: [Labtools 27-3417] Launching cs_server...
INFO: [Labtools 27-2221] Launch Output:


******** Xilinx cs_server v2024.2.0
  ****** Build date   : Oct 30 2024-19:19:07
    **** Build number : 2024.2.1730312347
      ** Copyright 2017-2022 Xilinx, Inc. All Rights Reserved.
      ** Copyright 2022-2025 Advanced Micro Devices, Inc. All Rights Reserved.



# open_hw_target
INFO: [Labtoolstcl 44-466] Opening hw_target localhost:3121/xilinx_tcf/Digilent/210183AB4EA1A
# current_hw_device [lindex [get_hw_devices] 0]
# refresh_hw_device -update_hw_probes false [current_hw_device]
INFO: [Labtools 27-1434] Device xc7a35t (JTAG device index = 0) is programmed with a design that has no supported debug core(s) in it.
# set_property PROGRAM.FILE {PROJET_INFO.runs/impl_1/micro.bit} [current_hw_device]
# program_hw_devices [current_hw_device]
INFO: [Labtools 27-3164] End of startup status: HIGH
# exit
INFO: [Common 17-206] Exiting Vivado at Tue May 20 10:40:05 2025...
