#-----------------------------------------------------------
# Vivado v2024.2 (64-bit)
# SW Build 5239630 on Fri Nov 08 22:35:27 MST 2024
# IP Build 5239520 on Sun Nov 10 16:12:51 MST 2024
# SharedData Build 5239561 on Fri Nov 08 14:39:27 MST 2024
# Start of session at: Wed May 21 12:21:29 2025
# Process ID         : 11820
# Current directory  : C:/Users/chour/Documents/INSA/yadp
# Command line       : vivado.exe
# Log file           : C:/Users/chour/Documents/INSA/yadp/vivado.log
# Journal file       : C:/Users/chour/Documents/INSA/yadp\vivado.jou
# Running On         : PC-PORTABLE
# Platform           : Windows Server 2016 or Windows 10
# Operating System   : 26100
# Processor Detail   : 11th Gen Intel(R) Core(TM) i7-1165G7 @ 2.80GHz
# CPU Frequency      : 2803 MHz
# CPU Physical cores : 4
# CPU Logical cores  : 8
# Host memory        : 16861 MB
# Swap memory        : 9126 MB
# Total Virtual      : 25988 MB
# Available Virtual  : 8370 MB
#-----------------------------------------------------------
start_gui
open_project C:/Users/chour/Documents/INSA/yadp/PROJET_INFO.xpr
INFO: [Project 1-313] Project file moved from 'C:/Users/Thomas/Desktop/yadp' since last save.
INFO: [filemgmt 56-3] Default IP Output Path : Could not find the directory 'C:/Users/chour/Documents/INSA/yadp/PROJET_INFO.gen/sources_1'.
Scanning sources...
Finished scanning sources
INFO: [IP_Flow 19-234] Refreshing IP repositories
INFO: [IP_Flow 19-1704] No user IP repositories specified
INFO: [IP_Flow 19-2313] Loaded Vivado IP repository 'C:/Xilinx/Vivado/2024.2/data/ip'.
update_compile_order -fileset sources_1
reset_run synth_1
INFO: [Project 1-1161] Replacing file C:/Users/chour/Documents/INSA/yadp/PROJET_INFO.srcs/utils_1/imports/synth_1/not_gate.dcp with file C:/Users/chour/Documents/INSA/yadp/PROJET_INFO.runs/synth_1/micro.dcp
launch_runs impl_1 -jobs 4
[Wed May 21 12:27:46 2025] Launched synth_1...
Run output will be captured here: C:/Users/chour/Documents/INSA/yadp/PROJET_INFO.runs/synth_1/runme.log
[Wed May 21 12:27:46 2025] Launched impl_1...
Run output will be captured here: C:/Users/chour/Documents/INSA/yadp/PROJET_INFO.runs/impl_1/runme.log
launch_runs impl_1 -to_step write_bitstream -jobs 4
[Wed May 21 12:29:56 2025] Launched impl_1...
Run output will be captured here: C:/Users/chour/Documents/INSA/yadp/PROJET_INFO.runs/impl_1/runme.log
reset_run synth_1
INFO: [Project 1-1161] Replacing file C:/Users/chour/Documents/INSA/yadp/PROJET_INFO.srcs/utils_1/imports/synth_1/not_gate.dcp with file C:/Users/chour/Documents/INSA/yadp/PROJET_INFO.runs/synth_1/micro.dcp
launch_runs impl_1 -jobs 4
[Wed May 21 12:31:59 2025] Launched synth_1...
Run output will be captured here: C:/Users/chour/Documents/INSA/yadp/PROJET_INFO.runs/synth_1/runme.log
[Wed May 21 12:31:59 2025] Launched impl_1...
Run output will be captured here: C:/Users/chour/Documents/INSA/yadp/PROJET_INFO.runs/impl_1/runme.log
launch_runs impl_1 -to_step write_bitstream -jobs 4
[Wed May 21 12:34:59 2025] Launched impl_1...
Run output will be captured here: C:/Users/chour/Documents/INSA/yadp/PROJET_INFO.runs/impl_1/runme.log
reset_run synth_1
INFO: [Project 1-1161] Replacing file C:/Users/chour/Documents/INSA/yadp/PROJET_INFO.srcs/utils_1/imports/synth_1/not_gate.dcp with file C:/Users/chour/Documents/INSA/yadp/PROJET_INFO.runs/synth_1/micro.dcp
launch_runs impl_1 -jobs 4
[Wed May 21 12:38:09 2025] Launched synth_1...
Run output will be captured here: C:/Users/chour/Documents/INSA/yadp/PROJET_INFO.runs/synth_1/runme.log
[Wed May 21 12:38:09 2025] Launched impl_1...
Run output will be captured here: C:/Users/chour/Documents/INSA/yadp/PROJET_INFO.runs/impl_1/runme.log
reset_run synth_1
launch_runs impl_1 -jobs 4
[Wed May 21 12:38:48 2025] Launched synth_1...
Run output will be captured here: C:/Users/chour/Documents/INSA/yadp/PROJET_INFO.runs/synth_1/runme.log
[Wed May 21 12:38:48 2025] Launched impl_1...
Run output will be captured here: C:/Users/chour/Documents/INSA/yadp/PROJET_INFO.runs/impl_1/runme.log
launch_runs impl_1 -to_step write_bitstream -jobs 4
[Wed May 21 12:40:35 2025] Launched impl_1...
Run output will be captured here: C:/Users/chour/Documents/INSA/yadp/PROJET_INFO.runs/impl_1/runme.log
reset_run synth_1
INFO: [Project 1-1161] Replacing file C:/Users/chour/Documents/INSA/yadp/PROJET_INFO.srcs/utils_1/imports/synth_1/not_gate.dcp with file C:/Users/chour/Documents/INSA/yadp/PROJET_INFO.runs/synth_1/micro.dcp
launch_runs impl_1 -jobs 4
[Wed May 21 12:41:22 2025] Launched synth_1...
Run output will be captured here: C:/Users/chour/Documents/INSA/yadp/PROJET_INFO.runs/synth_1/runme.log
[Wed May 21 12:41:23 2025] Launched impl_1...
Run output will be captured here: C:/Users/chour/Documents/INSA/yadp/PROJET_INFO.runs/impl_1/runme.log
launch_runs impl_1 -to_step write_bitstream -jobs 4
[Wed May 21 12:43:08 2025] Launched impl_1...
Run output will be captured here: C:/Users/chour/Documents/INSA/yadp/PROJET_INFO.runs/impl_1/runme.log
open_hw_manager
connect_hw_server -allow_non_jtag
INFO: [Labtools 27-2285] Connecting to hw_server url TCP:localhost:3121
INFO: [Labtools 27-2222] Launching hw_server...
INFO: [Labtools 27-2221] Launch Output:

****** Xilinx hw_server v2024.2
  **** Build date : Oct 29 2024 at 10:25:41
    ** Copyright 1986-2022 Xilinx, Inc. All Rights Reserved.


INFO: [Labtools 27-3415] Connecting to cs_server url TCP:localhost:0
INFO: [Labtools 27-3417] Launching cs_server...
INFO: [Labtools 27-2221] Launch Output:


******** Xilinx cs_server v2024.2.0
  ****** Build date   : Oct 30 2024-19:19:07
    **** Build number : 2024.2.1730312347
      ** Copyright 2017-2022 Xilinx, Inc. All Rights Reserved.
      ** Copyright 2022-2025 Advanced Micro Devices, Inc. All Rights Reserved.



connect_hw_server: Time (s): cpu = 00:00:01 ; elapsed = 00:00:06 . Memory (MB): peak = 1539.078 ; gain = 0.000
open_hw_target
INFO: [Labtoolstcl 44-466] Opening hw_target localhost:3121/xilinx_tcf/Digilent/210183AB4EA1A
set_property PROGRAM.FILE {C:/Users/chour/Documents/INSA/yadp/PROJET_INFO.runs/impl_1/micro.bit} [get_hw_devices xc7a35t_0]
current_hw_device [get_hw_devices xc7a35t_0]
refresh_hw_device -update_hw_probes false [lindex [get_hw_devices xc7a35t_0] 0]
INFO: [Labtools 27-1434] Device xc7a35t (JTAG device index = 0) is programmed with a design that has no supported debug core(s) in it.
set_property PROBES.FILE {} [get_hw_devices xc7a35t_0]
set_property FULL_PROBES.FILE {} [get_hw_devices xc7a35t_0]
set_property PROGRAM.FILE {C:/Users/chour/Documents/INSA/yadp/PROJET_INFO.runs/impl_1/micro.bit} [get_hw_devices xc7a35t_0]
program_hw_devices [get_hw_devices xc7a35t_0]
INFO: [Labtools 27-3164] End of startup status: HIGH
refresh_hw_device [lindex [get_hw_devices xc7a35t_0] 0]
INFO: [Labtools 27-1434] Device xc7a35t (JTAG device index = 0) is programmed with a design that has no supported debug core(s) in it.
reset_run synth_1
INFO: [Project 1-1161] Replacing file C:/Users/chour/Documents/INSA/yadp/PROJET_INFO.srcs/utils_1/imports/synth_1/not_gate.dcp with file C:/Users/chour/Documents/INSA/yadp/PROJET_INFO.runs/synth_1/micro.dcp
launch_runs impl_1 -jobs 4
[Wed May 21 12:45:22 2025] Launched synth_1...
Run output will be captured here: C:/Users/chour/Documents/INSA/yadp/PROJET_INFO.runs/synth_1/runme.log
[Wed May 21 12:45:22 2025] Launched impl_1...
Run output will be captured here: C:/Users/chour/Documents/INSA/yadp/PROJET_INFO.runs/impl_1/runme.log
launch_runs impl_1 -to_step write_bitstream -jobs 4
[Wed May 21 12:47:31 2025] Launched impl_1...
Run output will be captured here: C:/Users/chour/Documents/INSA/yadp/PROJET_INFO.runs/impl_1/runme.log
set_property PROBES.FILE {} [get_hw_devices xc7a35t_0]
set_property FULL_PROBES.FILE {} [get_hw_devices xc7a35t_0]
set_property PROGRAM.FILE {C:/Users/chour/Documents/INSA/yadp/PROJET_INFO.runs/impl_1/micro.bit} [get_hw_devices xc7a35t_0]
program_hw_devices [get_hw_devices xc7a35t_0]
INFO: [Labtools 27-3164] End of startup status: HIGH
refresh_hw_device [lindex [get_hw_devices xc7a35t_0] 0]
INFO: [Labtools 27-1434] Device xc7a35t (JTAG device index = 0) is programmed with a design that has no supported debug core(s) in it.
exit
INFO: [Common 17-206] Exiting Vivado at Wed May 21 12:49:35 2025...
