#-----------------------------------------------------------
# Vivado v2024.2 (64-bit)
# SW Build 5239630 on Fri Nov 08 22:35:27 MST 2024
# IP Build 5239520 on Sun Nov 10 16:12:51 MST 2024
# SharedData Build 5239561 on Fri Nov 08 14:39:27 MST 2024
# Start of session at: Sat Feb 22 12:19:06 2025
# Process ID         : 17912
# Current directory  : C:/Users/Thomas Chourret/Documents/INSA/PROJET_INFO
# Command line       : vivado.exe -gui_launcher_event rodinguilauncherevent18184 C:\Users\Thomas Chourret\Documents\INSA\PROJET_INFO\PROJET_INFO.xpr
# Log file           : C:/Users/Thomas Chourret/Documents/INSA/PROJET_INFO/vivado.log
# Journal file       : C:/Users/Thomas Chourret/Documents/INSA/PROJET_INFO\vivado.jou
# Running On         : DESKTOP-N3GOD77
# Platform           : Windows Server 2016 or Windows 10
# Operating System   : 26100
# Processor Detail   : 11th Gen Intel(R) Core(TM) i7-1165G7 @ 2.80GHz
# CPU Frequency      : 2803 MHz
# CPU Physical cores : 4
# CPU Logical cores  : 8
# Host memory        : 16861 MB
# Swap memory        : 12348 MB
# Total Virtual      : 29209 MB
# Available Virtual  : 10204 MB
#-----------------------------------------------------------
start_gui
WARNING: [Board 49-91] Board repository path 'Chourret/AppData/Roaming/Xilinx/Vivado/Chourret/AppData/Roaming/Xilinx/Vivado/Chourret/AppData/Roaming/Xilinx/Vivado/Chourret/AppData/Roaming/Xilinx/Vivado/Chourret/AppData/Roaming/Xilinx/Vivado/2024.2/xhub/board_store/xilinx_board_store' does not exist, it will not be used to search board files.
open_project {C:/Users/Thomas Chourret/Documents/INSA/PROJET_INFO/PROJET_INFO.xpr}
INFO: [Project 1-313] Project file moved from 'C:/Users/Thomas Chourret/OneDrive/INSA/4A/S2/PROJET_INFO/VHDL/PROJET_INFO' since last save.
INFO: [filemgmt 56-3] Default IP Output Path : Could not find the directory 'C:/Users/Thomas Chourret/Documents/INSA/PROJET_INFO/PROJET_INFO.gen/sources_1'.
Scanning sources...
Finished scanning sources
INFO: [IP_Flow 19-234] Refreshing IP repositories
INFO: [IP_Flow 19-1704] No user IP repositories specified
INFO: [IP_Flow 19-2313] Loaded Vivado IP repository 'C:/Xilinx/Vivado/2024.2/data/ip'.
update_compile_order -fileset sources_1
launch_simulation
Command: launch_simulation 
INFO: [Vivado 12-12493] Simulation top is 'test_nand_gate'
WARNING: [Vivado 12-13340] Unable to auto find GCC executables from simulator install path! (path not set)
INFO: [Vivado 12-5682] Launching behavioral simulation in 'C:/Users/Thomas Chourret/Documents/INSA/PROJET_INFO/PROJET_INFO.sim/sim_1/behav/xsim'
INFO: [SIM-utils-51] Simulation object is 'sim_1'
INFO: [SIM-utils-72] Using boost library from 'C:/Xilinx/Vivado/2024.2/tps/boost_1_72_0'
INFO: [SIM-utils-54] Inspecting design source files for 'test_nand_gate' in fileset 'sim_1'...
INFO: [USF-XSim-97] Finding global include files...
INFO: [USF-XSim-98] Fetching design files from 'sim_1'...
INFO: [USF-XSim-2] XSim::Compile design
INFO: [USF-XSim-61] Executing 'COMPILE and ANALYZE' step in 'C:/Users/Thomas Chourret/Documents/INSA/PROJET_INFO/PROJET_INFO.sim/sim_1/behav/xsim'
INFO: [USF-XSim-69] 'compile' step finished in '0' seconds
ERROR: [USF-XSim-62] 'compile' step failed with error(s) while executing 'C:/Users/Thomas Chourret/Documents/INSA/PROJET_INFO/PROJET_INFO.sim/sim_1/behav/xsim/compile.bat' script. Please check that the file has the correct 'read/write/execute' permissions and the Tcl console output for any other possible errors or warnings.
ERROR: [Vivado 12-4473] Detected error while running simulation. Please correct the issue and retry this operation.
ERROR: [Common 17-39] 'launch_simulation' failed due to earlier errors.
launch_simulation
Command: launch_simulation 
INFO: [Vivado 12-12493] Simulation top is 'test_nand_gate'
WARNING: [Vivado 12-13340] Unable to auto find GCC executables from simulator install path! (path not set)
INFO: [Vivado 12-5682] Launching behavioral simulation in 'C:/Users/Thomas Chourret/Documents/INSA/PROJET_INFO/PROJET_INFO.sim/sim_1/behav/xsim'
INFO: [SIM-utils-51] Simulation object is 'sim_1'
INFO: [SIM-utils-72] Using boost library from 'C:/Xilinx/Vivado/2024.2/tps/boost_1_72_0'
INFO: [SIM-utils-54] Inspecting design source files for 'test_nand_gate' in fileset 'sim_1'...
INFO: [USF-XSim-97] Finding global include files...
INFO: [USF-XSim-98] Fetching design files from 'sim_1'...
INFO: [USF-XSim-2] XSim::Compile design
INFO: [USF-XSim-61] Executing 'COMPILE and ANALYZE' step in 'C:/Users/Thomas Chourret/Documents/INSA/PROJET_INFO/PROJET_INFO.sim/sim_1/behav/xsim'
INFO: [USF-XSim-69] 'compile' step finished in '0' seconds
ERROR: [USF-XSim-62] 'compile' step failed with error(s) while executing 'C:/Users/Thomas Chourret/Documents/INSA/PROJET_INFO/PROJET_INFO.sim/sim_1/behav/xsim/compile.bat' script. Please check that the file has the correct 'read/write/execute' permissions and the Tcl console output for any other possible errors or warnings.
ERROR: [Vivado 12-4473] Detected error while running simulation. Please correct the issue and retry this operation.
ERROR: [Common 17-39] 'launch_simulation' failed due to earlier errors.
exit
INFO: [Common 17-206] Exiting Vivado at Sat Feb 22 12:20:45 2025...
