#-----------------------------------------------------------
# Vivado v2024.2 (64-bit)
# SW Build 5239630 on Fri Nov 08 22:35:27 MST 2024
# IP Build 5239520 on Sun Nov 10 16:12:51 MST 2024
# SharedData Build 5239561 on Fri Nov 08 14:39:27 MST 2024
# Start of session at: Thu May  8 15:21:03 2025
# Process ID         : 13984
# Current directory  : C:/Users/Thomas/Desktop/yadp
# Command line       : vivado.exe -gui_launcher_event rodinguilauncherevent25760 C:\Users\Thomas\Desktop\yadp\PROJET_INFO.xpr
# Log file           : C:/Users/Thomas/Desktop/yadp/vivado.log
# Journal file       : C:/Users/Thomas/Desktop/yadp\vivado.jou
# Running On         : DESKTOP-5PFD2IV
# Platform           : Windows Server 2016 or Windows 10
# Operating System   : 26100
# Processor Detail   : Intel(R) Core(TM) i5-14600KF
# CPU Frequency      : 3494 MHz
# CPU Physical cores : 14
# CPU Logical cores  : 20
# Host memory        : 34055 MB
# Swap memory        : 6710 MB
# Total Virtual      : 40766 MB
# Available Virtual  : 22194 MB
#-----------------------------------------------------------
start_gui
open_project C:/Users/Thomas/Desktop/yadp/PROJET_INFO.xpr
INFO: [filemgmt 56-3] Default IP Output Path : Could not find the directory 'C:/Users/Thomas/Desktop/yadp/PROJET_INFO.gen/sources_1'.
Scanning sources...
Finished scanning sources
INFO: [IP_Flow 19-234] Refreshing IP repositories
INFO: [IP_Flow 19-1704] No user IP repositories specified
INFO: [IP_Flow 19-2313] Loaded Vivado IP repository 'C:/Xilinx/Vivado/2024.2/data/ip'.
