
*** Running vivado
    with args -log micro.vds -m64 -product Vivado -mode batch -messageDb vivado.pb -notrace -source micro.tcl



****** Vivado v2024.2 (64-bit)
  **** SW Build 5239630 on Fri Nov 08 22:35:27 MST 2024
  **** IP Build 5239520 on Sun Nov 10 16:12:51 MST 2024
  **** SharedData Build 5239561 on Fri Nov 08 14:39:27 MST 2024
  **** Start of session at: Sun May 11 14:53:11 2025
    ** Copyright 1986-2022 Xilinx, Inc. All Rights Reserved.
    ** Copyright 2022-2024 Advanced Micro Devices, Inc. All Rights Reserved.

source micro.tcl -notrace
Command: read_checkpoint -auto_incremental -incremental C:/Users/Thomas/Desktop/yadp/PROJET_INFO.srcs/utils_1/imports/synth_1/not_gate.dcp
INFO: [Vivado 12-5825] Read reference checkpoint from C:/Users/Thomas/Desktop/yadp/PROJET_INFO.srcs/utils_1/imports/synth_1/not_gate.dcp for incremental synthesis
INFO: [Vivado 12-7989] Please ensure there are no constraint changes
Command: synth_design -top micro -part xc7a35ticpg236-1L
Starting synth_design
Attempting to get a license for feature 'Synthesis' and/or device 'xc7a35ti'
INFO: [Common 17-349] Got license for feature 'Synthesis' and/or device 'xc7a35ti'
INFO: [Device 21-403] Loading part xc7a35ticpg236-1L
INFO: [Designutils 20-5440] No compile time benefit to using incremental synthesis; A full resynthesis will be run
INFO: [Designutils 20-4379] Flow is switching to default flow due to incremental criteria not met. If you would like to alter this behaviour and have the flow terminate instead, please set the following parameter config_implementation {autoIncr.Synth.RejectBehavior Terminate}
INFO: [Synth 8-7079] Multithreading enabled for synth_design using a maximum of 2 processes.
INFO: [Synth 8-7078] Launching helper process for spawning children vivado processes
INFO: [Synth 8-7075] Helper process launched with PID 27520
---------------------------------------------------------------------------------
Starting RTL Elaboration : Time (s): cpu = 00:00:02 ; elapsed = 00:00:03 . Memory (MB): peak = 988.805 ; gain = 467.848
---------------------------------------------------------------------------------
INFO: [Synth 8-638] synthesizing module 'micro' [C:/Users/Thomas/Desktop/yadp/PROJET_INFO.srcs/sources_1/new/micro.vhd:41]
INFO: [Synth 8-638] synthesizing module 'seven_seg_controller' [C:/Users/Thomas/Desktop/yadp/PROJET_INFO.srcs/sources_1/new/seven_seg_controller.vhd:15]
INFO: [Synth 8-226] default block is never used [C:/Users/Thomas/Desktop/yadp/PROJET_INFO.srcs/sources_1/new/seven_seg_controller.vhd:47]
INFO: [Synth 8-226] default block is never used [C:/Users/Thomas/Desktop/yadp/PROJET_INFO.srcs/sources_1/new/seven_seg_controller.vhd:55]
INFO: [Synth 8-256] done synthesizing module 'seven_seg_controller' (0#1) [C:/Users/Thomas/Desktop/yadp/PROJET_INFO.srcs/sources_1/new/seven_seg_controller.vhd:15]
INFO: [Synth 8-638] synthesizing module 'clock_divider' [C:/Users/Thomas/Desktop/yadp/PROJET_INFO.srcs/sources_1/new/clock_divider.vhd:36]
	Parameter prescaler bound to: 50000000 - type: integer 
INFO: [Synth 8-256] done synthesizing module 'clock_divider' (0#1) [C:/Users/Thomas/Desktop/yadp/PROJET_INFO.srcs/sources_1/new/clock_divider.vhd:36]
INFO: [Synth 8-638] synthesizing module 'counter_heightbits' [C:/Users/Thomas/Desktop/yadp/PROJET_INFO.srcs/sources_1/new/counter_heightbits.vhd:18]
INFO: [Synth 8-256] done synthesizing module 'counter_heightbits' (0#1) [C:/Users/Thomas/Desktop/yadp/PROJET_INFO.srcs/sources_1/new/counter_heightbits.vhd:18]
INFO: [Synth 8-638] synthesizing module 'rom' [C:/Users/Thomas/Desktop/yadp/PROJET_INFO.srcs/sources_1/new/rom.vhd:37]
INFO: [Synth 8-256] done synthesizing module 'rom' (0#1) [C:/Users/Thomas/Desktop/yadp/PROJET_INFO.srcs/sources_1/new/rom.vhd:37]
INFO: [Synth 8-638] synthesizing module 'registers' [C:/Users/Thomas/Desktop/yadp/PROJET_INFO.srcs/sources_1/new/registers.vhd:38]
INFO: [Synth 8-256] done synthesizing module 'registers' (0#1) [C:/Users/Thomas/Desktop/yadp/PROJET_INFO.srcs/sources_1/new/registers.vhd:38]
INFO: [Synth 8-638] synthesizing module 'alu' [C:/Users/Thomas/Desktop/yadp/PROJET_INFO.srcs/sources_1/new/alu.vhd:20]
INFO: [Synth 8-256] done synthesizing module 'alu' (0#1) [C:/Users/Thomas/Desktop/yadp/PROJET_INFO.srcs/sources_1/new/alu.vhd:20]
INFO: [Synth 8-638] synthesizing module 'ram' [C:/Users/Thomas/Desktop/yadp/PROJET_INFO.srcs/sources_1/new/ram.vhd:41]
INFO: [Synth 8-256] done synthesizing module 'ram' (0#1) [C:/Users/Thomas/Desktop/yadp/PROJET_INFO.srcs/sources_1/new/ram.vhd:41]
INFO: [Synth 8-256] done synthesizing module 'micro' (0#1) [C:/Users/Thomas/Desktop/yadp/PROJET_INFO.srcs/sources_1/new/micro.vhd:41]
WARNING: [Synth 8-6014] Unused sequential element jumped_reg was removed.  [C:/Users/Thomas/Desktop/yadp/PROJET_INFO.srcs/sources_1/new/micro.vhd:474]
---------------------------------------------------------------------------------
Finished RTL Elaboration : Time (s): cpu = 00:00:03 ; elapsed = 00:00:04 . Memory (MB): peak = 1177.836 ; gain = 656.879
---------------------------------------------------------------------------------
---------------------------------------------------------------------------------
Start Handling Custom Attributes
---------------------------------------------------------------------------------
---------------------------------------------------------------------------------
Finished Handling Custom Attributes : Time (s): cpu = 00:00:03 ; elapsed = 00:00:05 . Memory (MB): peak = 1177.836 ; gain = 656.879
---------------------------------------------------------------------------------
---------------------------------------------------------------------------------
Finished RTL Optimization Phase 1 : Time (s): cpu = 00:00:03 ; elapsed = 00:00:05 . Memory (MB): peak = 1177.836 ; gain = 656.879
---------------------------------------------------------------------------------
Netlist sorting complete. Time (s): cpu = 00:00:00 ; elapsed = 00:00:00.016 . Memory (MB): peak = 1177.836 ; gain = 0.000
INFO: [Project 1-570] Preparing netlist for logic optimization

Processing XDC Constraints
Initializing timing engine
Parsing XDC File [C:/Users/Thomas/Desktop/yadp/PROJET_INFO.srcs/constrs_1/new/micro_contraints.xdc]
Finished Parsing XDC File [C:/Users/Thomas/Desktop/yadp/PROJET_INFO.srcs/constrs_1/new/micro_contraints.xdc]
INFO: [Project 1-236] Implementation specific constraints were found while reading constraint file [C:/Users/Thomas/Desktop/yadp/PROJET_INFO.srcs/constrs_1/new/micro_contraints.xdc]. These constraints will be ignored for synthesis but will be used in implementation. Impacted constraints are listed in the file [.Xil/micro_propImpl.xdc].
Resolution: To avoid this warning, move constraints listed in [.Xil/micro_propImpl.xdc] to another XDC file and exclude this new file from synthesis with the used_in_synthesis property (File Properties dialog in GUI) and re-run elaboration/synthesis.
Completed Processing XDC Constraints

Netlist sorting complete. Time (s): cpu = 00:00:00 ; elapsed = 00:00:00 . Memory (MB): peak = 1260.230 ; gain = 0.000
INFO: [Project 1-111] Unisim Transformation Summary:
No Unisim elements were transformed.

Constraint Validation Runtime : Time (s): cpu = 00:00:00 ; elapsed = 00:00:00.008 . Memory (MB): peak = 1260.230 ; gain = 0.000
INFO: [Designutils 20-5440] No compile time benefit to using incremental synthesis; A full resynthesis will be run
INFO: [Designutils 20-4379] Flow is switching to default flow due to incremental criteria not met. If you would like to alter this behaviour and have the flow terminate instead, please set the following parameter config_implementation {autoIncr.Synth.RejectBehavior Terminate}
---------------------------------------------------------------------------------
Finished Constraint Validation : Time (s): cpu = 00:00:07 ; elapsed = 00:00:09 . Memory (MB): peak = 1260.230 ; gain = 739.273
---------------------------------------------------------------------------------
---------------------------------------------------------------------------------
Start Loading Part and Timing Information
---------------------------------------------------------------------------------
Loading part: xc7a35ticpg236-1L
---------------------------------------------------------------------------------
Finished Loading Part and Timing Information : Time (s): cpu = 00:00:07 ; elapsed = 00:00:09 . Memory (MB): peak = 1260.230 ; gain = 739.273
---------------------------------------------------------------------------------
---------------------------------------------------------------------------------
Start Applying 'set_property' XDC Constraints
---------------------------------------------------------------------------------
---------------------------------------------------------------------------------
Finished applying 'set_property' XDC Constraints : Time (s): cpu = 00:00:07 ; elapsed = 00:00:09 . Memory (MB): peak = 1260.230 ; gain = 739.273
---------------------------------------------------------------------------------
---------------------------------------------------------------------------------
Finished RTL Optimization Phase 2 : Time (s): cpu = 00:00:08 ; elapsed = 00:00:10 . Memory (MB): peak = 1260.230 ; gain = 739.273
---------------------------------------------------------------------------------
---------------------------------------------------------------------------------
Start RTL Component Statistics 
---------------------------------------------------------------------------------
Detailed RTL Component Info : 
+---Adders : 
	   2 Input   26 Bit       Adders := 1     
	   2 Input    9 Bit       Adders := 2     
	   2 Input    8 Bit       Adders := 3     
	   3 Input    8 Bit       Adders := 2     
	   2 Input    2 Bit       Adders := 1     
+---Registers : 
	               32 Bit    Registers := 2     
	               26 Bit    Registers := 1     
	                8 Bit    Registers := 292   
	                2 Bit    Registers := 1     
	                1 Bit    Registers := 6     
+---Muxes : 
	 257 Input   32 Bit        Muxes := 1     
	   2 Input    8 Bit        Muxes := 10    
	   4 Input    4 Bit        Muxes := 2     
	   2 Input    2 Bit        Muxes := 1     
	   2 Input    1 Bit        Muxes := 24    
	   5 Input    1 Bit        Muxes := 2     
	  11 Input    1 Bit        Muxes := 1     
	  18 Input    1 Bit        Muxes := 2     
---------------------------------------------------------------------------------
Finished RTL Component Statistics 
---------------------------------------------------------------------------------
---------------------------------------------------------------------------------
Start Part Resource Summary
---------------------------------------------------------------------------------
Part Resources:
DSPs: 90 (col length:60)
BRAMs: 100 (col length: RAMB18 60 RAMB36 30)
---------------------------------------------------------------------------------
Finished Part Resource Summary
---------------------------------------------------------------------------------
---------------------------------------------------------------------------------
Start Cross Boundary and Area Optimization
---------------------------------------------------------------------------------
WARNING: [Synth 8-7080] Parallel synthesis criteria is not met
---------------------------------------------------------------------------------
Finished Cross Boundary and Area Optimization : Time (s): cpu = 00:00:11 ; elapsed = 00:00:14 . Memory (MB): peak = 1260.230 ; gain = 739.273
---------------------------------------------------------------------------------
---------------------------------------------------------------------------------
Start Applying XDC Timing Constraints
---------------------------------------------------------------------------------
---------------------------------------------------------------------------------
Finished Applying XDC Timing Constraints : Time (s): cpu = 00:00:13 ; elapsed = 00:00:17 . Memory (MB): peak = 1303.730 ; gain = 782.773
---------------------------------------------------------------------------------
---------------------------------------------------------------------------------
Start Timing Optimization
---------------------------------------------------------------------------------
---------------------------------------------------------------------------------
Finished Timing Optimization : Time (s): cpu = 00:00:13 ; elapsed = 00:00:17 . Memory (MB): peak = 1304.102 ; gain = 783.145
---------------------------------------------------------------------------------
---------------------------------------------------------------------------------
Start Technology Mapping
---------------------------------------------------------------------------------
---------------------------------------------------------------------------------
Finished Technology Mapping : Time (s): cpu = 00:00:13 ; elapsed = 00:00:17 . Memory (MB): peak = 1332.727 ; gain = 811.770
---------------------------------------------------------------------------------
---------------------------------------------------------------------------------
Start IO Insertion
---------------------------------------------------------------------------------
---------------------------------------------------------------------------------
Start Flattening Before IO Insertion
---------------------------------------------------------------------------------
---------------------------------------------------------------------------------
Finished Flattening Before IO Insertion
---------------------------------------------------------------------------------
---------------------------------------------------------------------------------
Start Final Netlist Cleanup
---------------------------------------------------------------------------------
---------------------------------------------------------------------------------
Finished Final Netlist Cleanup
---------------------------------------------------------------------------------
---------------------------------------------------------------------------------
Finished IO Insertion : Time (s): cpu = 00:00:15 ; elapsed = 00:00:19 . Memory (MB): peak = 1529.738 ; gain = 1008.781
---------------------------------------------------------------------------------
---------------------------------------------------------------------------------
Start Renaming Generated Instances
---------------------------------------------------------------------------------
---------------------------------------------------------------------------------
Finished Renaming Generated Instances : Time (s): cpu = 00:00:15 ; elapsed = 00:00:19 . Memory (MB): peak = 1529.738 ; gain = 1008.781
---------------------------------------------------------------------------------
---------------------------------------------------------------------------------
Start Rebuilding User Hierarchy
---------------------------------------------------------------------------------
---------------------------------------------------------------------------------
Finished Rebuilding User Hierarchy : Time (s): cpu = 00:00:15 ; elapsed = 00:00:19 . Memory (MB): peak = 1529.738 ; gain = 1008.781
---------------------------------------------------------------------------------
---------------------------------------------------------------------------------
Start Renaming Generated Ports
---------------------------------------------------------------------------------
---------------------------------------------------------------------------------
Finished Renaming Generated Ports : Time (s): cpu = 00:00:15 ; elapsed = 00:00:19 . Memory (MB): peak = 1529.738 ; gain = 1008.781
---------------------------------------------------------------------------------
---------------------------------------------------------------------------------
Start Handling Custom Attributes
---------------------------------------------------------------------------------
---------------------------------------------------------------------------------
Finished Handling Custom Attributes : Time (s): cpu = 00:00:15 ; elapsed = 00:00:19 . Memory (MB): peak = 1529.738 ; gain = 1008.781
---------------------------------------------------------------------------------
---------------------------------------------------------------------------------
Start Renaming Generated Nets
---------------------------------------------------------------------------------
---------------------------------------------------------------------------------
Finished Renaming Generated Nets : Time (s): cpu = 00:00:15 ; elapsed = 00:00:19 . Memory (MB): peak = 1529.738 ; gain = 1008.781
---------------------------------------------------------------------------------
---------------------------------------------------------------------------------
Start Writing Synthesis Report
---------------------------------------------------------------------------------

Report BlackBoxes: 
+-+--------------+----------+
| |BlackBox name |Instances |
+-+--------------+----------+
+-+--------------+----------+

Report Cell Usage: 
+------+-------+------+
|      |Cell   |Count |
+------+-------+------+
|1     |BUFG   |     2|
|2     |CARRY4 |    40|
|3     |LUT1   |     5|
|4     |LUT2   |    36|
|5     |LUT3   |    71|
|6     |LUT4   |    26|
|7     |LUT5   |    21|
|8     |LUT6   |    70|
|9     |FDCE   |     1|
|10    |FDRE   |   142|
|11    |FDSE   |     8|
|12    |IBUF   |     2|
|13    |OBUF   |    27|
+------+-------+------+
---------------------------------------------------------------------------------
Finished Writing Synthesis Report : Time (s): cpu = 00:00:15 ; elapsed = 00:00:19 . Memory (MB): peak = 1529.738 ; gain = 1008.781
---------------------------------------------------------------------------------
Synthesis finished with 0 errors, 0 critical warnings and 1 warnings.
Synthesis Optimization Runtime : Time (s): cpu = 00:00:11 ; elapsed = 00:00:18 . Memory (MB): peak = 1529.738 ; gain = 926.387
Synthesis Optimization Complete : Time (s): cpu = 00:00:15 ; elapsed = 00:00:19 . Memory (MB): peak = 1529.738 ; gain = 1008.781
INFO: [Project 1-571] Translating synthesized netlist
Netlist sorting complete. Time (s): cpu = 00:00:00 ; elapsed = 00:00:00.002 . Memory (MB): peak = 1538.887 ; gain = 0.000
INFO: [Netlist 29-17] Analyzing 40 Unisim elements for replacement
INFO: [Netlist 29-28] Unisim Transformation completed in 0 CPU seconds
INFO: [Project 1-570] Preparing netlist for logic optimization
INFO: [Opt 31-138] Pushed 0 inverter(s) to 0 load pin(s).
Netlist sorting complete. Time (s): cpu = 00:00:00 ; elapsed = 00:00:00 . Memory (MB): peak = 1542.613 ; gain = 0.000
INFO: [Project 1-111] Unisim Transformation Summary:
No Unisim elements were transformed.

Synth Design complete | Checksum: 95a6e934
INFO: [Common 17-83] Releasing license: Synthesis
39 Infos, 2 Warnings, 0 Critical Warnings and 0 Errors encountered.
synth_design completed successfully
synth_design: Time (s): cpu = 00:00:17 ; elapsed = 00:00:23 . Memory (MB): peak = 1542.613 ; gain = 1213.508
Write ShapeDB Complete: Time (s): cpu = 00:00:00 ; elapsed = 00:00:00.001 . Memory (MB): peak = 1542.613 ; gain = 0.000
INFO: [Common 17-1381] The checkpoint 'C:/Users/Thomas/Desktop/yadp/PROJET_INFO.runs/synth_1/micro.dcp' has been generated.
INFO: [Vivado 12-24828] Executing command : report_utilization -file micro_utilization_synth.rpt -pb micro_utilization_synth.pb
INFO: [Common 17-206] Exiting Vivado at Sun May 11 14:53:36 2025...
